<?xml version="1.0" encoding="UTF-8"?>
<coverage generated="1687998228566" clover="3.2.0">
  <project timestamp="1687998228567" name="All files">
    <metrics statements="39" coveredstatements="31" conditionals="21" coveredconditionals="14" methods="10" coveredmethods="9" elements="70" coveredelements="54" complexity="0" loc="39" ncloc="39" packages="1" files="1" classes="1"/>
    <file name="parser.js" path="/mnt/c/Users/user/differenceCalculator/html/src/parser.js">
      <metrics statements="39" coveredstatements="31" conditionals="21" coveredconditionals="14" methods="10" coveredmethods="9"/>
      <line num="8" count="1" type="stmt"/>
      <line num="9" count="1" type="stmt"/>
      <line num="11" count="1" type="stmt"/>
      <line num="12" count="6" type="stmt"/>
      <line num="13" count="6" type="stmt"/>
      <line num="16" count="1" type="stmt"/>
      <line num="17" count="11" type="stmt"/>
      <line num="18" count="11" type="stmt"/>
      <line num="21" count="1" type="stmt"/>
      <line num="22" count="13" type="cond" truecount="1" falsecount="1"/>
      <line num="23" count="13" type="stmt"/>
      <line num="25" count="0" type="stmt"/>
      <line num="26" count="0" type="stmt"/>
      <line num="28" count="0" type="stmt"/>
      <line num="31" count="4" type="cond" truecount="0" falsecount="1"/>
      <line num="32" count="12" type="cond" truecount="3" falsecount="3"/>
      <line num="34" count="0" type="stmt"/>
      <line num="39" count="0" type="stmt"/>
      <line num="44" count="3" type="stmt"/>
      <line num="53" count="7" type="stmt"/>
      <line num="58" count="2" type="stmt"/>
      <line num="59" count="2" type="stmt"/>
      <line num="64" count="0" type="stmt"/>
      <line num="68" count="4" type="stmt"/>
      <line num="70" count="4" type="stmt"/>
      <line num="71" count="12" type="cond" truecount="1" falsecount="1"/>
      <line num="72" count="0" type="stmt"/>
      <line num="78" count="12" type="cond" truecount="1" falsecount="1"/>
      <line num="79" count="0" type="stmt"/>
      <line num="85" count="12" type="cond" truecount="4" falsecount="0"/>
      <line num="86" count="2" type="stmt"/>
      <line num="92" count="10" type="cond" truecount="2" falsecount="0"/>
      <line num="93" count="3" type="stmt"/>
      <line num="100" count="7" type="stmt"/>
      <line num="107" count="4" type="stmt"/>
      <line num="110" count="1" type="stmt"/>
      <line num="111" count="2" type="stmt"/>
      <line num="112" count="2" type="stmt"/>
      <line num="116" count="2" type="cond" truecount="2" falsecount="0"/>
    </file>
  </project>
</coverage>
