<?xml version="1.0" encoding="UTF-8"?>
<coverage generated="1688079449684" clover="3.2.0">
  <project timestamp="1688079449684" name="All files">
    <metrics statements="44" coveredstatements="43" conditionals="30" coveredconditionals="28" methods="12" coveredmethods="12" elements="86" coveredelements="83" complexity="0" loc="44" ncloc="44" packages="1" files="1" classes="1"/>
    <file name="parser.js" path="/Users/daniil/Desktop/work/differenceCalculator/html/src/parser.js">
      <metrics statements="44" coveredstatements="43" conditionals="30" coveredconditionals="28" methods="12" coveredmethods="12"/>
      <line num="6" count="1" type="stmt"/>
      <line num="7" count="1" type="stmt"/>
      <line num="9" count="1" type="stmt"/>
      <line num="10" count="10" type="stmt"/>
      <line num="11" count="10" type="stmt"/>
      <line num="14" count="1" type="stmt"/>
      <line num="15" count="24" type="stmt"/>
      <line num="16" count="24" type="stmt"/>
      <line num="19" count="1" type="stmt"/>
      <line num="20" count="26" type="cond" truecount="2" falsecount="0"/>
      <line num="21" count="24" type="stmt"/>
      <line num="23" count="2" type="stmt"/>
      <line num="24" count="7" type="stmt"/>
      <line num="26" count="2" type="stmt"/>
      <line num="29" count="29" type="stmt"/>
      <line num="31" count="5" type="cond" truecount="0" falsecount="1"/>
      <line num="32" count="20" type="cond" truecount="6" falsecount="1"/>
      <line num="34" count="5" type="stmt"/>
      <line num="39" count="1" type="stmt"/>
      <line num="44" count="2" type="stmt"/>
      <line num="53" count="9" type="stmt"/>
      <line num="58" count="2" type="stmt"/>
      <line num="59" count="2" type="stmt"/>
      <line num="64" count="1" type="stmt"/>
      <line num="65" count="1" type="stmt"/>
      <line num="70" count="0" type="stmt"/>
      <line num="74" count="5" type="stmt"/>
      <line num="76" count="5" type="stmt"/>
      <line num="77" count="20" type="cond" truecount="2" falsecount="0"/>
      <line num="78" count="5" type="stmt"/>
      <line num="84" count="15" type="cond" truecount="2" falsecount="0"/>
      <line num="85" count="1" type="stmt"/>
      <line num="91" count="14" type="cond" truecount="4" falsecount="0"/>
      <line num="92" count="2" type="stmt"/>
      <line num="98" count="12" type="cond" truecount="4" falsecount="0"/>
      <line num="99" count="1" type="stmt"/>
      <line num="105" count="11" type="cond" truecount="2" falsecount="0"/>
      <line num="106" count="2" type="stmt"/>
      <line num="113" count="9" type="stmt"/>
      <line num="120" count="5" type="stmt"/>
      <line num="123" count="1" type="stmt"/>
      <line num="124" count="2" type="stmt"/>
      <line num="125" count="2" type="stmt"/>
      <line num="129" count="3" type="cond" truecount="6" falsecount="0"/>
    </file>
  </project>
</coverage>
