{"/mnt/c/Users/user/differenceCalculator/html/src/parser.js": {"path":"/mnt/c/Users/user/differenceCalculator/html/src/parser.js","statementMap":{"0":{"start":{"line":8,"column":20},"end":{"line":8,"column":21}},"1":{"start":{"line":9,"column":17},"end":{"line":9,"column":20}},"2":{"start":{"line":11,"column":26},"end":{"line":14,"column":1}},"3":{"start":{"line":12,"column":21},"end":{"line":12,"column":40}},"4":{"start":{"line":13,"column":2},"end":{"line":13,"column":41}},"5":{"start":{"line":16,"column":29},"end":{"line":19,"column":1}},"6":{"start":{"line":17,"column":21},"end":{"line":17,"column":40}},"7":{"start":{"line":18,"column":2},"end":{"line":18,"column":37}},"8":{"start":{"line":21,"column":18},"end":{"line":29,"column":1}},"9":{"start":{"line":22,"column":2},"end":{"line":24,"column":3}},"10":{"start":{"line":23,"column":4},"end":{"line":23,"column":24}},"11":{"start":{"line":25,"column":16},"end":{"line":27,"column":3}},"12":{"start":{"line":26,"column":22},"end":{"line":26,"column":96}},"13":{"start":{"line":28,"column":2},"end":{"line":28,"column":77}},"14":{"start":{"line":31,"column":13},"end":{"line":66,"column":2}},"15":{"start":{"line":31,"column":34},"end":{"line":66,"column":2}},"16":{"start":{"line":32,"column":2},"end":{"line":65,"column":3}},"17":{"start":{"line":34,"column":6},"end":{"line":37,"column":10}},"18":{"start":{"line":39,"column":6},"end":{"line":42,"column":10}},"19":{"start":{"line":44,"column":6},"end":{"line":50,"column":10}},"20":{"start":{"line":53,"column":6},"end":{"line":56,"column":10}},"21":{"start":{"line":58,"column":20},"end":{"line":58,"column":50}},"22":{"start":{"line":59,"column":6},"end":{"line":61,"column":43}},"23":{"start":{"line":64,"column":6},"end":{"line":64,"column":62}},"24":{"start":{"line":68,"column":18},"end":{"line":68,"column":71}},"25":{"start":{"line":70,"column":19},"end":{"line":105,"column":6}},"26":{"start":{"line":71,"column":6},"end":{"line":77,"column":7}},"27":{"start":{"line":72,"column":8},"end":{"line":76,"column":10}},"28":{"start":{"line":78,"column":6},"end":{"line":84,"column":7}},"29":{"start":{"line":79,"column":8},"end":{"line":83,"column":10}},"30":{"start":{"line":85,"column":6},"end":{"line":91,"column":7}},"31":{"start":{"line":86,"column":8},"end":{"line":90,"column":10}},"32":{"start":{"line":92,"column":6},"end":{"line":99,"column":7}},"33":{"start":{"line":93,"column":8},"end":{"line":98,"column":10}},"34":{"start":{"line":100,"column":6},"end":{"line":104,"column":8}},"35":{"start":{"line":107,"column":4},"end":{"line":107,"column":18}},"36":{"start":{"line":110,"column":22},"end":{"line":113,"column":1}},"37":{"start":{"line":111,"column":17},"end":{"line":111,"column":30}},"38":{"start":{"line":112,"column":2},"end":{"line":112,"column":48}},"39":{"start":{"line":116,"column":44},"end":{"line":116,"column":80}}},"fnMap":{"0":{"name":"(anonymous_0)","decl":{"start":{"line":11,"column":26},"end":{"line":11,"column":27}},"loc":{"start":{"line":11,"column":37},"end":{"line":14,"column":1}},"line":11},"1":{"name":"(anonymous_1)","decl":{"start":{"line":16,"column":29},"end":{"line":16,"column":30}},"loc":{"start":{"line":16,"column":40},"end":{"line":19,"column":1}},"line":16},"2":{"name":"(anonymous_2)","decl":{"start":{"line":21,"column":18},"end":{"line":21,"column":19}},"loc":{"start":{"line":21,"column":35},"end":{"line":29,"column":1}},"line":21},"3":{"name":"(anonymous_3)","decl":{"start":{"line":26,"column":4},"end":{"line":26,"column":5}},"loc":{"start":{"line":26,"column":22},"end":{"line":26,"column":96}},"line":26},"4":{"name":"(anonymous_4)","decl":{"start":{"line":31,"column":13},"end":{"line":31,"column":14}},"loc":{"start":{"line":31,"column":34},"end":{"line":66,"column":2}},"line":31},"5":{"name":"(anonymous_5)","decl":{"start":{"line":31,"column":43},"end":{"line":31,"column":44}},"loc":{"start":{"line":31,"column":53},"end":{"line":66,"column":1}},"line":31},"6":{"name":"getTree","decl":{"start":{"line":67,"column":9},"end":{"line":67,"column":16}},"loc":{"start":{"line":67,"column":31},"end":{"line":108,"column":3}},"line":67},"7":{"name":"(anonymous_7)","decl":{"start":{"line":70,"column":29},"end":{"line":70,"column":30}},"loc":{"start":{"line":70,"column":38},"end":{"line":105,"column":5}},"line":70},"8":{"name":"(anonymous_8)","decl":{"start":{"line":110,"column":22},"end":{"line":110,"column":23}},"loc":{"start":{"line":110,"column":32},"end":{"line":113,"column":1}},"line":110},"9":{"name":"(anonymous_9)","decl":{"start":{"line":116,"column":15},"end":{"line":116,"column":16}},"loc":{"start":{"line":116,"column":44},"end":{"line":116,"column":80}},"line":116}},"branchMap":{"0":{"loc":{"start":{"line":22,"column":2},"end":{"line":24,"column":3}},"type":"if","locations":[{"start":{"line":22,"column":2},"end":{"line":24,"column":3}},{"start":{},"end":{}}],"line":22},"1":{"loc":{"start":{"line":31,"column":20},"end":{"line":31,"column":29}},"type":"default-arg","locations":[{"start":{"line":31,"column":28},"end":{"line":31,"column":29}}],"line":31},"2":{"loc":{"start":{"line":32,"column":2},"end":{"line":65,"column":3}},"type":"switch","locations":[{"start":{"line":33,"column":4},"end":{"line":37,"column":10}},{"start":{"line":38,"column":4},"end":{"line":42,"column":10}},{"start":{"line":43,"column":4},"end":{"line":51,"column":5}},{"start":{"line":52,"column":4},"end":{"line":56,"column":10}},{"start":{"line":57,"column":4},"end":{"line":62,"column":5}},{"start":{"line":63,"column":4},"end":{"line":64,"column":62}}],"line":32},"3":{"loc":{"start":{"line":71,"column":6},"end":{"line":77,"column":7}},"type":"if","locations":[{"start":{"line":71,"column":6},"end":{"line":77,"column":7}},{"start":{},"end":{}}],"line":71},"4":{"loc":{"start":{"line":78,"column":6},"end":{"line":84,"column":7}},"type":"if","locations":[{"start":{"line":78,"column":6},"end":{"line":84,"column":7}},{"start":{},"end":{}}],"line":78},"5":{"loc":{"start":{"line":85,"column":6},"end":{"line":91,"column":7}},"type":"if","locations":[{"start":{"line":85,"column":6},"end":{"line":91,"column":7}},{"start":{},"end":{}}],"line":85},"6":{"loc":{"start":{"line":85,"column":10},"end":{"line":85,"column":64}},"type":"binary-expr","locations":[{"start":{"line":85,"column":10},"end":{"line":85,"column":35}},{"start":{"line":85,"column":39},"end":{"line":85,"column":64}}],"line":85},"7":{"loc":{"start":{"line":92,"column":6},"end":{"line":99,"column":7}},"type":"if","locations":[{"start":{"line":92,"column":6},"end":{"line":99,"column":7}},{"start":{},"end":{}}],"line":92},"8":{"loc":{"start":{"line":116,"column":16},"end":{"line":116,"column":27}},"type":"default-arg","locations":[{"start":{"line":116,"column":25},"end":{"line":116,"column":27}}],"line":116},"9":{"loc":{"start":{"line":116,"column":29},"end":{"line":116,"column":39}},"type":"default-arg","locations":[{"start":{"line":116,"column":37},"end":{"line":116,"column":39}}],"line":116}},"s":{"0":1,"1":1,"2":1,"3":6,"4":6,"5":1,"6":11,"7":11,"8":1,"9":13,"10":13,"11":0,"12":0,"13":0,"14":1,"15":4,"16":12,"17":0,"18":0,"19":3,"20":7,"21":2,"22":2,"23":0,"24":4,"25":4,"26":12,"27":0,"28":12,"29":0,"30":12,"31":2,"32":10,"33":3,"34":7,"35":4,"36":1,"37":2,"38":2,"39":2},"f":{"0":6,"1":11,"2":13,"3":0,"4":4,"5":12,"6":4,"7":12,"8":2,"9":2},"b":{"0":[13,0],"1":[0],"2":[0,0,3,7,2,0],"3":[0,12],"4":[0,12],"5":[2,10],"6":[12,2],"7":[3,7],"8":[1],"9":[1]},"_coverageSchema":"1a1c01bbd47fc00a2c39e90264f33305004495a9","hash":"af7394b71c63a7ec03a667e6aa4b3805268e8a3a"}
}
