{"/Users/daniil/Desktop/work/differenceCalculator/html/src/parser.js": {"path":"/Users/daniil/Desktop/work/differenceCalculator/html/src/parser.js","statementMap":{"0":{"start":{"line":6,"column":20},"end":{"line":6,"column":21}},"1":{"start":{"line":7,"column":17},"end":{"line":7,"column":20}},"2":{"start":{"line":9,"column":26},"end":{"line":12,"column":1}},"3":{"start":{"line":10,"column":21},"end":{"line":10,"column":40}},"4":{"start":{"line":11,"column":2},"end":{"line":11,"column":41}},"5":{"start":{"line":14,"column":29},"end":{"line":17,"column":1}},"6":{"start":{"line":15,"column":21},"end":{"line":15,"column":40}},"7":{"start":{"line":16,"column":2},"end":{"line":16,"column":37}},"8":{"start":{"line":19,"column":18},"end":{"line":27,"column":1}},"9":{"start":{"line":20,"column":2},"end":{"line":22,"column":3}},"10":{"start":{"line":21,"column":4},"end":{"line":21,"column":24}},"11":{"start":{"line":23,"column":16},"end":{"line":25,"column":3}},"12":{"start":{"line":24,"column":22},"end":{"line":24,"column":96}},"13":{"start":{"line":26,"column":2},"end":{"line":26,"column":67}},"14":{"start":{"line":29,"column":18},"end":{"line":29,"column":84}},"15":{"start":{"line":29,"column":25},"end":{"line":29,"column":84}},"16":{"start":{"line":29,"column":52},"end":{"line":29,"column":73}},"17":{"start":{"line":31,"column":13},"end":{"line":72,"column":2}},"18":{"start":{"line":31,"column":34},"end":{"line":72,"column":2}},"19":{"start":{"line":32,"column":2},"end":{"line":71,"column":3}},"20":{"start":{"line":34,"column":6},"end":{"line":37,"column":10}},"21":{"start":{"line":39,"column":6},"end":{"line":42,"column":10}},"22":{"start":{"line":44,"column":6},"end":{"line":50,"column":10}},"23":{"start":{"line":53,"column":6},"end":{"line":56,"column":10}},"24":{"start":{"line":58,"column":20},"end":{"line":58,"column":50}},"25":{"start":{"line":59,"column":6},"end":{"line":61,"column":43}},"26":{"start":{"line":64,"column":20},"end":{"line":64,"column":50}},"27":{"start":{"line":65,"column":6},"end":{"line":67,"column":43}},"28":{"start":{"line":70,"column":6},"end":{"line":70,"column":62}},"29":{"start":{"line":74,"column":18},"end":{"line":74,"column":63}},"30":{"start":{"line":76,"column":19},"end":{"line":118,"column":6}},"31":{"start":{"line":77,"column":6},"end":{"line":83,"column":7}},"32":{"start":{"line":78,"column":8},"end":{"line":82,"column":10}},"33":{"start":{"line":84,"column":6},"end":{"line":90,"column":7}},"34":{"start":{"line":85,"column":8},"end":{"line":89,"column":10}},"35":{"start":{"line":91,"column":6},"end":{"line":97,"column":7}},"36":{"start":{"line":92,"column":8},"end":{"line":96,"column":10}},"37":{"start":{"line":98,"column":6},"end":{"line":104,"column":7}},"38":{"start":{"line":99,"column":8},"end":{"line":103,"column":9}},"39":{"start":{"line":105,"column":6},"end":{"line":112,"column":7}},"40":{"start":{"line":106,"column":8},"end":{"line":111,"column":10}},"41":{"start":{"line":113,"column":6},"end":{"line":117,"column":8}},"42":{"start":{"line":120,"column":4},"end":{"line":120,"column":18}},"43":{"start":{"line":123,"column":22},"end":{"line":126,"column":1}},"44":{"start":{"line":124,"column":17},"end":{"line":124,"column":30}},"45":{"start":{"line":125,"column":2},"end":{"line":125,"column":38}},"46":{"start":{"line":129,"column":44},"end":{"line":129,"column":112}}},"fnMap":{"0":{"name":"(anonymous_0)","decl":{"start":{"line":9,"column":26},"end":{"line":9,"column":27}},"loc":{"start":{"line":9,"column":37},"end":{"line":12,"column":1}},"line":9},"1":{"name":"(anonymous_1)","decl":{"start":{"line":14,"column":29},"end":{"line":14,"column":30}},"loc":{"start":{"line":14,"column":40},"end":{"line":17,"column":1}},"line":14},"2":{"name":"(anonymous_2)","decl":{"start":{"line":19,"column":18},"end":{"line":19,"column":19}},"loc":{"start":{"line":19,"column":35},"end":{"line":27,"column":1}},"line":19},"3":{"name":"(anonymous_3)","decl":{"start":{"line":24,"column":4},"end":{"line":24,"column":5}},"loc":{"start":{"line":24,"column":22},"end":{"line":24,"column":96}},"line":24},"4":{"name":"(anonymous_4)","decl":{"start":{"line":29,"column":18},"end":{"line":29,"column":19}},"loc":{"start":{"line":29,"column":25},"end":{"line":29,"column":84}},"line":29},"5":{"name":"(anonymous_5)","decl":{"start":{"line":29,"column":45},"end":{"line":29,"column":46}},"loc":{"start":{"line":29,"column":52},"end":{"line":29,"column":73}},"line":29},"6":{"name":"(anonymous_6)","decl":{"start":{"line":31,"column":13},"end":{"line":31,"column":14}},"loc":{"start":{"line":31,"column":34},"end":{"line":72,"column":2}},"line":31},"7":{"name":"(anonymous_7)","decl":{"start":{"line":31,"column":43},"end":{"line":31,"column":44}},"loc":{"start":{"line":31,"column":53},"end":{"line":72,"column":1}},"line":31},"8":{"name":"getTree","decl":{"start":{"line":73,"column":9},"end":{"line":73,"column":16}},"loc":{"start":{"line":73,"column":31},"end":{"line":121,"column":3}},"line":73},"9":{"name":"(anonymous_9)","decl":{"start":{"line":76,"column":29},"end":{"line":76,"column":30}},"loc":{"start":{"line":76,"column":38},"end":{"line":118,"column":5}},"line":76},"10":{"name":"(anonymous_10)","decl":{"start":{"line":123,"column":22},"end":{"line":123,"column":23}},"loc":{"start":{"line":123,"column":32},"end":{"line":126,"column":1}},"line":123},"11":{"name":"(anonymous_11)","decl":{"start":{"line":129,"column":15},"end":{"line":129,"column":16}},"loc":{"start":{"line":129,"column":44},"end":{"line":129,"column":112}},"line":129}},"branchMap":{"0":{"loc":{"start":{"line":20,"column":2},"end":{"line":22,"column":3}},"type":"if","locations":[{"start":{"line":20,"column":2},"end":{"line":22,"column":3}},{"start":{},"end":{}}],"line":20},"1":{"loc":{"start":{"line":31,"column":20},"end":{"line":31,"column":29}},"type":"default-arg","locations":[{"start":{"line":31,"column":28},"end":{"line":31,"column":29}}],"line":31},"2":{"loc":{"start":{"line":32,"column":2},"end":{"line":71,"column":3}},"type":"switch","locations":[{"start":{"line":33,"column":4},"end":{"line":37,"column":10}},{"start":{"line":38,"column":4},"end":{"line":42,"column":10}},{"start":{"line":43,"column":4},"end":{"line":51,"column":5}},{"start":{"line":52,"column":4},"end":{"line":56,"column":10}},{"start":{"line":57,"column":4},"end":{"line":62,"column":5}},{"start":{"line":63,"column":4},"end":{"line":68,"column":5}},{"start":{"line":69,"column":4},"end":{"line":70,"column":62}}],"line":32},"3":{"loc":{"start":{"line":77,"column":6},"end":{"line":83,"column":7}},"type":"if","locations":[{"start":{"line":77,"column":6},"end":{"line":83,"column":7}},{"start":{},"end":{}}],"line":77},"4":{"loc":{"start":{"line":84,"column":6},"end":{"line":90,"column":7}},"type":"if","locations":[{"start":{"line":84,"column":6},"end":{"line":90,"column":7}},{"start":{},"end":{}}],"line":84},"5":{"loc":{"start":{"line":91,"column":6},"end":{"line":97,"column":7}},"type":"if","locations":[{"start":{"line":91,"column":6},"end":{"line":97,"column":7}},{"start":{},"end":{}}],"line":91},"6":{"loc":{"start":{"line":91,"column":10},"end":{"line":91,"column":64}},"type":"binary-expr","locations":[{"start":{"line":91,"column":10},"end":{"line":91,"column":35}},{"start":{"line":91,"column":39},"end":{"line":91,"column":64}}],"line":91},"7":{"loc":{"start":{"line":98,"column":6},"end":{"line":104,"column":7}},"type":"if","locations":[{"start":{"line":98,"column":6},"end":{"line":104,"column":7}},{"start":{},"end":{}}],"line":98},"8":{"loc":{"start":{"line":98,"column":10},"end":{"line":98,"column":64}},"type":"binary-expr","locations":[{"start":{"line":98,"column":10},"end":{"line":98,"column":35}},{"start":{"line":98,"column":39},"end":{"line":98,"column":64}}],"line":98},"9":{"loc":{"start":{"line":105,"column":6},"end":{"line":112,"column":7}},"type":"if","locations":[{"start":{"line":105,"column":6},"end":{"line":112,"column":7}},{"start":{},"end":{}}],"line":105},"10":{"loc":{"start":{"line":129,"column":16},"end":{"line":129,"column":27}},"type":"default-arg","locations":[{"start":{"line":129,"column":25},"end":{"line":129,"column":27}}],"line":129},"11":{"loc":{"start":{"line":129,"column":29},"end":{"line":129,"column":39}},"type":"default-arg","locations":[{"start":{"line":129,"column":37},"end":{"line":129,"column":39}}],"line":129},"12":{"loc":{"start":{"line":129,"column":44},"end":{"line":129,"column":112}},"type":"cond-expr","locations":[{"start":{"line":129,"column":71},"end":{"line":129,"column":73}},{"start":{"line":129,"column":76},"end":{"line":129,"column":112}}],"line":129},"13":{"loc":{"start":{"line":129,"column":45},"end":{"line":129,"column":60}},"type":"binary-expr","locations":[{"start":{"line":129,"column":45},"end":{"line":129,"column":51}},{"start":{"line":129,"column":55},"end":{"line":129,"column":60}}],"line":129}},"s":{"0":1,"1":1,"2":1,"3":10,"4":10,"5":1,"6":24,"7":24,"8":1,"9":26,"10":24,"11":2,"12":7,"13":2,"14":1,"15":3,"16":29,"17":1,"18":5,"19":20,"20":5,"21":1,"22":2,"23":9,"24":2,"25":2,"26":1,"27":1,"28":0,"29":5,"30":5,"31":20,"32":5,"33":15,"34":1,"35":14,"36":2,"37":12,"38":1,"39":11,"40":2,"41":9,"42":5,"43":1,"44":2,"45":2,"46":3},"f":{"0":10,"1":24,"2":26,"3":7,"4":3,"5":29,"6":5,"7":20,"8":5,"9":20,"10":2,"11":3},"b":{"0":[24,2],"1":[0],"2":[5,1,2,9,2,1,0],"3":[5,15],"4":[1,14],"5":[2,12],"6":[14,2],"7":[1,11],"8":[12,1],"9":[2,9],"10":[1],"11":[2],"12":[1,2],"13":[3,1]},"_coverageSchema":"1a1c01bbd47fc00a2c39e90264f33305004495a9","hash":"179bd4c46dfdd042fa2b07cb40b8096ced274cd3"}
}
