TN:
SF:html/src/parser.js
FN:11,(anonymous_0)
FN:16,(anonymous_1)
FN:21,(anonymous_2)
FN:26,(anonymous_3)
FN:31,(anonymous_4)
FN:31,(anonymous_5)
FN:67,getTree
FN:70,(anonymous_7)
FN:110,(anonymous_8)
FN:116,(anonymous_9)
FNF:10
FNH:9
FNDA:6,(anonymous_0)
FNDA:11,(anonymous_1)
FNDA:13,(anonymous_2)
FNDA:0,(anonymous_3)
FNDA:4,(anonymous_4)
FNDA:12,(anonymous_5)
FNDA:4,getTree
FNDA:12,(anonymous_7)
FNDA:2,(anonymous_8)
FNDA:2,(anonymous_9)
DA:8,1
DA:9,1
DA:11,1
DA:12,6
DA:13,6
DA:16,1
DA:17,11
DA:18,11
DA:21,1
DA:22,13
DA:23,13
DA:25,0
DA:26,0
DA:28,0
DA:31,4
DA:32,12
DA:34,0
DA:39,0
DA:44,3
DA:53,7
DA:58,2
DA:59,2
DA:64,0
DA:68,4
DA:70,4
DA:71,12
DA:72,0
DA:78,12
DA:79,0
DA:85,12
DA:86,2
DA:92,10
DA:93,3
DA:100,7
DA:107,4
DA:110,1
DA:111,2
DA:112,2
DA:116,2
LF:39
LH:31
BRDA:22,0,0,13
BRDA:22,0,1,0
BRDA:31,1,0,0
BRDA:32,2,0,0
BRDA:32,2,1,0
BRDA:32,2,2,3
BRDA:32,2,3,7
BRDA:32,2,4,2
BRDA:32,2,5,0
BRDA:71,3,0,0
BRDA:71,3,1,12
BRDA:78,4,0,0
BRDA:78,4,1,12
BRDA:85,5,0,2
BRDA:85,5,1,10
BRDA:85,6,0,12
BRDA:85,6,1,2
BRDA:92,7,0,3
BRDA:92,7,1,7
BRDA:116,8,0,1
BRDA:116,9,0,1
BRF:21
BRH:14
end_of_record
