TN:
SF:html/src/parser.js
FN:9,(anonymous_0)
FN:14,(anonymous_1)
FN:19,(anonymous_2)
FN:24,(anonymous_3)
FN:29,(anonymous_4)
FN:29,(anonymous_5)
FN:31,(anonymous_6)
FN:31,(anonymous_7)
FN:73,getTree
FN:76,(anonymous_9)
FN:123,(anonymous_10)
FN:129,(anonymous_11)
FNF:12
FNH:12
FNDA:10,(anonymous_0)
FNDA:24,(anonymous_1)
FNDA:26,(anonymous_2)
FNDA:7,(anonymous_3)
FNDA:3,(anonymous_4)
FNDA:29,(anonymous_5)
FNDA:5,(anonymous_6)
FNDA:20,(anonymous_7)
FNDA:5,getTree
FNDA:20,(anonymous_9)
FNDA:2,(anonymous_10)
FNDA:3,(anonymous_11)
DA:6,1
DA:7,1
DA:9,1
DA:10,10
DA:11,10
DA:14,1
DA:15,24
DA:16,24
DA:19,1
DA:20,26
DA:21,24
DA:23,2
DA:24,7
DA:26,2
DA:29,29
DA:31,5
DA:32,20
DA:34,5
DA:39,1
DA:44,2
DA:53,9
DA:58,2
DA:59,2
DA:64,1
DA:65,1
DA:70,0
DA:74,5
DA:76,5
DA:77,20
DA:78,5
DA:84,15
DA:85,1
DA:91,14
DA:92,2
DA:98,12
DA:99,1
DA:105,11
DA:106,2
DA:113,9
DA:120,5
DA:123,1
DA:124,2
DA:125,2
DA:129,3
LF:44
LH:43
BRDA:20,0,0,24
BRDA:20,0,1,2
BRDA:31,1,0,0
BRDA:32,2,0,5
BRDA:32,2,1,1
BRDA:32,2,2,2
BRDA:32,2,3,9
BRDA:32,2,4,2
BRDA:32,2,5,1
BRDA:32,2,6,0
BRDA:77,3,0,5
BRDA:77,3,1,15
BRDA:84,4,0,1
BRDA:84,4,1,14
BRDA:91,5,0,2
BRDA:91,5,1,12
BRDA:91,6,0,14
BRDA:91,6,1,2
BRDA:98,7,0,1
BRDA:98,7,1,11
BRDA:98,8,0,12
BRDA:98,8,1,1
BRDA:105,9,0,2
BRDA:105,9,1,9
BRDA:129,10,0,1
BRDA:129,11,0,2
BRDA:129,12,0,1
BRDA:129,12,1,2
BRDA:129,13,0,3
BRDA:129,13,1,1
BRF:30
BRH:28
end_of_record
